==========================================================================================
Information: 
Exchange parameters generated by TB2J 0.7.4.1
Generation time: 22/09/14 16:55:39
Using OpenMX data: 
path: /Users/shaozhili/Documents/research/UD_interview/TB2J/rcut=3
prefix: openmx
==========================================================================================
Cell (Angstrom):
 2.784   0.000   0.000
 0.000   2.784   0.000
 0.000   0.000   2.784

==========================================================================================
Atoms:  
(Note: charge and magmoms only count the wannier functions.)
Atom number      x         y         z     w_charge  w_magmom 
Fe1             0.0000    0.0000    0.0000    8.0450    2.1563
Fe2             1.3919    1.3919    1.3919    8.0450    2.1563
Total                                        16.0901    4.3126

==========================================================================================
Exchange: 
    i      j          R        J_iso(meV)          vector          distance(A) 
----------------------------------------------------------------------------------------
   Fe1   Fe2   ( -1,   0,   0) 22.3697   (-1.392,  1.392,  1.392)  2.411 
J_iso: 22.3697 
----------------------------------------------------------------------------------------
   Fe1   Fe2   (  0,  -1,   0) 22.3693   ( 1.392, -1.392,  1.392)  2.411 
J_iso: 22.3693 
----------------------------------------------------------------------------------------
   Fe1   Fe2   (  0,   0,  -1) 22.3704   ( 1.392,  1.392, -1.392)  2.411 
J_iso: 22.3704 
----------------------------------------------------------------------------------------
   Fe1   Fe2   (  0,   0,   0) 22.3693   ( 1.392,  1.392,  1.392)  2.411 
J_iso: 22.3693 
----------------------------------------------------------------------------------------
   Fe2   Fe1   (  0,   0,   0) 22.3693   (-1.392, -1.392, -1.392)  2.411 
J_iso: 22.3693 
----------------------------------------------------------------------------------------
   Fe2   Fe1   (  0,   0,   1) 22.3704   (-1.392, -1.392,  1.392)  2.411 
J_iso: 22.3704 
----------------------------------------------------------------------------------------
   Fe2   Fe1   (  0,   1,   0) 22.3693   (-1.392,  1.392, -1.392)  2.411 
J_iso: 22.3693 
----------------------------------------------------------------------------------------
   Fe2   Fe1   (  1,   0,   0) 22.3697   ( 1.392, -1.392, -1.392)  2.411 
J_iso: 22.3697 
----------------------------------------------------------------------------------------
   Fe1   Fe2   ( -1,  -1,  -1) 22.3693   (-1.392, -1.392, -1.392)  2.411 
J_iso: 22.3693 
----------------------------------------------------------------------------------------
   Fe1   Fe2   ( -1,  -1,   0) 22.3704   (-1.392, -1.392,  1.392)  2.411 
J_iso: 22.3704 
----------------------------------------------------------------------------------------
   Fe1   Fe2   ( -1,   0,  -1) 22.3693   (-1.392,  1.392, -1.392)  2.411 
J_iso: 22.3693 
----------------------------------------------------------------------------------------
   Fe1   Fe2   (  0,  -1,  -1) 22.3697   ( 1.392, -1.392, -1.392)  2.411 
J_iso: 22.3697 
----------------------------------------------------------------------------------------
   Fe2   Fe1   (  0,   1,   1) 22.3697   (-1.392,  1.392,  1.392)  2.411 
J_iso: 22.3697 
----------------------------------------------------------------------------------------
   Fe2   Fe1   (  1,   0,   1) 22.3693   ( 1.392, -1.392,  1.392)  2.411 
J_iso: 22.3693 
----------------------------------------------------------------------------------------
   Fe2   Fe1   (  1,   1,   0) 22.3704   ( 1.392,  1.392, -1.392)  2.411 
J_iso: 22.3704 
----------------------------------------------------------------------------------------
   Fe2   Fe1   (  1,   1,   1) 22.3693   ( 1.392,  1.392,  1.392)  2.411 
J_iso: 22.3693 
----------------------------------------------------------------------------------------
   Fe2   Fe2   (  0,   0,   1)  6.5322   ( 0.000,  0.000,  2.784)  2.784 
J_iso:  6.5322 
----------------------------------------------------------------------------------------
   Fe2   Fe2   (  0,   1,   0)  6.5324   ( 0.000,  2.784,  0.000)  2.784 
J_iso:  6.5324 
----------------------------------------------------------------------------------------
   Fe2   Fe2   (  1,   0,   0)  6.5322   ( 2.784,  0.000,  0.000)  2.784 
J_iso:  6.5322 
----------------------------------------------------------------------------------------
   Fe1   Fe1   ( -1,   0,   0)  6.5322   (-2.784,  0.000,  0.000)  2.784 
J_iso:  6.5322 
----------------------------------------------------------------------------------------
   Fe2   Fe2   ( -1,   0,   0)  6.5322   (-2.784,  0.000,  0.000)  2.784 
J_iso:  6.5322 
----------------------------------------------------------------------------------------
   Fe1   Fe1   (  0,  -1,   0)  6.5324   ( 0.000, -2.784,  0.000)  2.784 
J_iso:  6.5324 
----------------------------------------------------------------------------------------
   Fe2   Fe2   (  0,  -1,   0)  6.5324   ( 0.000, -2.784,  0.000)  2.784 
J_iso:  6.5324 
----------------------------------------------------------------------------------------
   Fe1   Fe1   (  0,   0,  -1)  6.5322   ( 0.000,  0.000, -2.784)  2.784 
J_iso:  6.5322 
----------------------------------------------------------------------------------------
   Fe2   Fe2   (  0,   0,  -1)  6.5322   ( 0.000,  0.000, -2.784)  2.784 
J_iso:  6.5322 
----------------------------------------------------------------------------------------
   Fe1   Fe1   (  0,   0,   1)  6.5322   ( 0.000,  0.000,  2.784)  2.784 
J_iso:  6.5322 
----------------------------------------------------------------------------------------
   Fe1   Fe1   (  0,   1,   0)  6.5324   ( 0.000,  2.784,  0.000)  2.784 
J_iso:  6.5324 
----------------------------------------------------------------------------------------
   Fe1   Fe1   (  1,   0,   0)  6.5322   ( 2.784,  0.000,  0.000)  2.784 
J_iso:  6.5322 
